<?xml version="1.0" encoding="UTF-8"?>
<!-- Generated by org.testng.reporters.JUnitReportReporter -->
<testsuite name="com.testng.dataprovider.email.Mail" tests="2" time="0.007" ignored="0" failures="0" timestamp="08 Aug 2017 14:11:07 GMT" skipped="0" hostname="ASDP1760PO02529" errors="0">
  <testcase name="sendMail" time="0.005" classname="com.testng.dataprovider.email.Mail"/>
  <testcase name="sendMail" time="0.002" classname="com.testng.dataprovider.email.Mail"/>
</testsuite> <!-- com.testng.dataprovider.email.Mail -->
